{"message":"İnfo log control","level":"\u001b[32minfo\u001b[39m","timestamp":"5/27/2020, 15:21:37"}
{"message":"İnfo log control","level":"\u001b[32minfo\u001b[39m","timestamp":"5/27/2020, 15:21:37"}
{"message":"İnfo log control","level":"\u001b[32minfo\u001b[39m","timestamp":"5/27/2020, 15:21:39"}
{"message":"İnfo log control","level":"\u001b[32minfo\u001b[39m","timestamp":"5/27/2020, 15:21:39"}
{"message":"İnfo log control","level":"\u001b[32minfo\u001b[39m","timestamp":"5/27/2020, 15:21:39"}
{"message":"İnfo log control","level":"\u001b[32minfo\u001b[39m","timestamp":"5/27/2020, 15:21:39"}
{"message":"error log controlled","level":"\u001b[31merror\u001b[39m","timestamp":"5/27/2020, 15:21:39"}
{"message":"error log controlled","level":"\u001b[31merror\u001b[39m","timestamp":"5/27/2020, 15:23:37"}
{"message":"İnfo log control","level":"\u001b[32minfo\u001b[39m","timestamp":"5/27/2020, 15:23:39"}
{"message":"İnfo log control","level":"\u001b[32minfo\u001b[39m","timestamp":"5/27/2020, 15:23:39"}
{"message":"İnfo log control","level":"info","timestamp":"5/27/2020, 16:25:27"}
{"message":"İnfo log control","level":"info","timestamp":"5/27/2020, 16:25:27"}
{"message":"İnfo log control","level":"info","timestamp":"5/27/2020, 16:25:31"}
{"message":"İnfo log control","level":"info","timestamp":"5/27/2020, 16:25:31"}
{"message":"İnfo log control","level":"info","timestamp":"5/27/2020, 16:25:31"}
{"message":"İnfo log control","level":"info","timestamp":"5/27/2020, 16:25:31"}
{"message":"error log controlled","level":"error","timestamp":"5/27/2020, 16:25:31"}
{"message":"error log controlled","level":"error","timestamp":"5/27/2020, 16:27:27"}
{"message":"İnfo log control","level":"info","timestamp":"5/27/2020, 16:27:31"}
{"message":"İnfo log control","level":"info","timestamp":"5/27/2020, 16:27:31"}
{"message":"İnfo log control","level":"info","timestamp":"5/27/2020, 16:47:04"}
{"message":"İnfo log control","level":"info","timestamp":"5/27/2020, 16:47:04"}
{"message":"İnfo log control","level":"info","timestamp":"5/27/2020, 16:47:57"}
{"message":"İnfo log control","level":"info","timestamp":"5/27/2020, 16:47:57"}
{"message":"İnfo log control","level":"info","timestamp":"5/27/2020, 16:49:57"}
{"message":"İnfo log control","level":"info","timestamp":"5/27/2020, 17:00:58"}
{"message":"İnfo log control","level":"info","timestamp":"5/27/2020, 17:00:58"}
{"message":"İnfo log control","level":"info","timestamp":"5/27/2020, 17:01:30"}
{"message":"İnfo log control","level":"info","timestamp":"5/27/2020, 17:01:30"}
{"message":"İnfo log control","level":"info","timestamp":"5/27/2020, 17:03:29"}
{"message":"İnfo log control","level":"info","timestamp":"5/27/2020, 17:03:29"}
{"message":"İnfo log control","level":"info","timestamp":"5/28/2020, 12:49:19"}
{"message":"İnfo log control","level":"info","timestamp":"5/28/2020, 12:49:20"}
{"message":"İnfo log control","level":"info","timestamp":"5/28/2020, 12:49:53"}
{"message":"İnfo log control","level":"info","timestamp":"5/28/2020, 12:49:53"}
{"message":"İnfo log control","level":"info","timestamp":"5/28/2020, 12:49:53"}
{"message":"İnfo log control","level":"info","timestamp":"5/28/2020, 12:49:53"}
{"message":"error log controlled","level":"error","timestamp":"5/28/2020, 12:49:53"}
{"message":"error log controlled","level":"error","timestamp":"5/28/2020, 12:49:53"}
{"message":"new warn for test","level":"warn","timestamp":"5/28/2020, 13:46:45"}
{"message":"new warn for test","level":"warn","timestamp":"5/28/2020, 13:46:45"}
{"message":"new warn for test","level":"warn","timestamp":"5/28/2020, 13:46:46"}
{"message":"new warn for test","level":"warn","timestamp":"5/28/2020, 13:46:46"}
{"message":"new warn for test","level":"warn","timestamp":"5/28/2020, 13:46:46"}
{"message":"new warn for test","level":"warn","timestamp":"5/28/2020, 13:46:46"}
{"message":"error log controlled","level":"error","timestamp":"5/28/2020, 13:46:46"}
{"message":"\"new warn for test\"","level":"warn","timestamp":"6/2/2020, 10:53:12"}
{"message":"\"new warn for test\"","level":"warn","timestamp":"6/2/2020, 10:53:13"}
{"message":"\"new warn for test\"","level":"warn","timestamp":"6/2/2020, 10:54:56"}
{"message":"\"new warn for test\"","level":"warn","timestamp":"6/2/2020, 10:54:56"}
{"message":"\"new warn for test\"","level":"warn","timestamp":"6/2/2020, 10:56:56"}
{"message":"\"new warn for test\"","level":"warn","timestamp":"6/4/2020, 11:27:23"}
{"message":"\"new warn for test\"","level":"warn","timestamp":"6/4/2020, 11:27:30"}
{"message":"\"new warn for test\"","level":"warn","timestamp":"6/4/2020, 11:27:30"}
{"message":"\"new warn for test\"","level":"warn","timestamp":"6/4/2020, 11:27:56"}
{"message":"\"new warn for test\"","level":"warn","timestamp":"6/4/2020, 11:27:56"}
{"message":"\"new warn for test\"","level":"warn","timestamp":"6/4/2020, 11:27:56"}
{"message":"\"new warn for test\"","level":"warn","timestamp":"6/4/2020, 11:27:56"}
{"message":"\"error log controlled\"","level":"error","timestamp":"6/4/2020, 11:27:56"}
{"message":"\"new warn for test\"","level":"warn","timestamp":"6/4/2020, 11:28:41"}
{"message":"\"new warn for test\"","level":"warn","timestamp":"6/4/2020, 11:28:41"}
{"message":"\"new warn for test\"","level":"warn","timestamp":"6/4/2020, 11:30:41"}
{"message":"\"error log controlled\"","level":"error","timestamp":"6/4/2020, 13:08:19"}
{"message":"\"error log\"","level":"error","timestamp":"6/4/2020, 13:15:08"}
{"message":"\"error log\"","level":"error","timestamp":"6/4/2020, 13:15:08"}
{"message":"\"error log\"","level":"error","timestamp":"6/4/2020, 13:15:12"}
{"message":"\"warning log\"","level":"warn","timestamp":"6/4/2020, 13:16:04"}
{"message":"\"error log\"","level":"error","timestamp":"6/4/2020, 13:16:04"}
{"message":"\"warning log\"","level":"warn","timestamp":"6/4/2020, 13:16:04"}
{"message":"\"error log\"","level":"error","timestamp":"6/4/2020, 13:16:04"}
{"message":"\"warning log\"","level":"warn","timestamp":"6/4/2020, 13:16:07"}
{"message":"\"error log\"","level":"error","timestamp":"6/4/2020, 13:16:07"}
{"message":"\"warning log\"","level":"warn","timestamp":"6/4/2020, 13:18:04"}
{"message":"\"error log\"","level":"error","timestamp":"6/4/2020, 13:18:04"}
{"message":"\"warning log\"","level":"warn","timestamp":"6/4/2020, 13:18:07"}
{"message":"\"error log\"","level":"error","timestamp":"6/4/2020, 13:18:07"}
{"message":"\"warning log\"","level":"warn","timestamp":"6/4/2020, 13:20:04"}
{"message":"\"error log\"","level":"error","timestamp":"6/4/2020, 13:20:04"}
{"message":"\"error log from boundary\"","level":"error","timestamp":"6/4/2020, 13:20:07"}
{"message":"\"error log from boundary\"","level":"error","timestamp":"6/4/2020, 13:20:07"}
{"message":"\"warning log\"","level":"warn","timestamp":"6/4/2020, 13:20:07"}
{"message":"\"warning log\"","level":"warn","timestamp":"6/4/2020, 13:23:28"}
{"message":"\"error log\"","level":"error","timestamp":"6/4/2020, 13:23:28"}
{"message":"\"warning log\"","level":"warn","timestamp":"6/4/2020, 13:23:28"}
{"message":"\"error log\"","level":"error","timestamp":"6/4/2020, 13:23:28"}
{"message":"\"warning log\"","level":"warn","timestamp":"6/4/2020, 13:23:31"}
{"message":"\"info log\"","level":"info","timestamp":"6/4/2020, 13:23:31"}
{"message":"\"error log\"","level":"error","timestamp":"6/4/2020, 13:23:31"}
{"message":"\"warning log\"","level":"warn","timestamp":"6/4/2020, 13:23:31"}
{"message":"\"info log\"","level":"info","timestamp":"6/4/2020, 13:23:31"}
{"message":"\"error log\"","level":"error","timestamp":"6/4/2020, 13:23:31"}
{"message":"\"warning log\"","level":"warn","timestamp":"6/4/2020, 13:24:09"}
{"message":"\"info log\"","level":"info","timestamp":"6/4/2020, 13:24:09"}
{"message":"\"error log\"","level":"error","timestamp":"6/4/2020, 13:24:09"}
{"message":"\"warning log\"","level":"warn","timestamp":"6/4/2020, 13:24:09"}
{"message":"\"info log\"","level":"info","timestamp":"6/4/2020, 13:24:09"}
{"message":"\"error log\"","level":"error","timestamp":"6/4/2020, 13:24:09"}
{"message":"\"warning log\"","level":"warn","timestamp":"6/4/2020, 13:24:10"}
{"message":"\"info log\"","level":"info","timestamp":"6/4/2020, 13:24:10"}
{"message":"\"error log\"","level":"error","timestamp":"6/4/2020, 13:24:10"}
{"message":"\"warning log\"","level":"warn","timestamp":"6/4/2020, 13:24:57"}
{"message":"\"error log\"","level":"error","timestamp":"6/4/2020, 13:24:57"}
{"message":"\"warning log\"","level":"warn","timestamp":"6/4/2020, 13:24:57"}
{"message":"\"error log\"","level":"error","timestamp":"6/4/2020, 13:24:57"}
{"message":"\"warning log\"","level":"warn","timestamp":"6/4/2020, 13:24:59"}
{"message":"\"error log\"","level":"error","timestamp":"6/4/2020, 13:24:59"}
{"message":"\"warning log\"","level":"warn","timestamp":"6/4/2020, 14:34:27"}
{"message":"\"info log\"","level":"info","timestamp":"6/4/2020, 14:34:27"}
{"message":"\"error log\"","level":"error","timestamp":"6/4/2020, 14:34:27"}
{"message":"\"warning log\"","level":"warn","timestamp":"6/4/2020, 14:34:27"}
{"message":"\"info log\"","level":"info","timestamp":"6/4/2020, 14:34:27"}
{"message":"\"error log\"","level":"error","timestamp":"6/4/2020, 14:34:27"}
{"message":"\"warning log\"","level":"warn","timestamp":"6/4/2020, 14:34:30"}
{"message":"\"info log\"","level":"info","timestamp":"6/4/2020, 14:34:30"}
{"message":"\"error log\"","level":"error","timestamp":"6/4/2020, 14:34:30"}
{"message":"\"warning log\"","level":"warn","timestamp":"6/4/2020, 14:36:27"}
{"message":"\"info log\"","level":"info","timestamp":"6/4/2020, 14:36:27"}
{"message":"\"error log\"","level":"error","timestamp":"6/4/2020, 14:36:27"}
{"message":"\"warning log\"","level":"warn","timestamp":"6/4/2020, 14:36:30"}
{"message":"\"info log\"","level":"info","timestamp":"6/4/2020, 14:36:30"}
{"message":"\"error log\"","level":"error","timestamp":"6/4/2020, 14:36:30"}
{"message":"\"warning log\"","level":"warn","timestamp":"6/4/2020, 14:38:27"}
{"message":"\"info log\"","level":"info","timestamp":"6/4/2020, 14:38:27"}
{"message":"\"error log\"","level":"error","timestamp":"6/4/2020, 14:38:27"}
{"message":"\"error log from boundary\"","level":"error","timestamp":"6/4/2020, 14:38:30"}
{"message":"\"error log from boundary\"","level":"error","timestamp":"6/4/2020, 14:38:30"}
{"message":"\"warning log\"","level":"warn","timestamp":"6/4/2020, 14:38:30"}
{"message":"\"info log\"","level":"info","timestamp":"6/4/2020, 14:40:27"}
{"message":"\"warning log\"","level":"warn","timestamp":"6/4/2020, 14:40:27"}
{"message":"\"info log\"","level":"info","timestamp":"6/4/2020, 14:56:33"}
{"message":"\"warning log\"","level":"warn","timestamp":"6/4/2020, 14:56:33"}
{"message":"\"error log\"","level":"error","timestamp":"6/4/2020, 14:56:33"}
{"message":"\"warning log\"","level":"warn","timestamp":"6/4/2020, 14:56:34"}
{"message":"\"info log\"","level":"info","timestamp":"6/4/2020, 14:56:34"}
{"message":"\"error log\"","level":"error","timestamp":"6/4/2020, 14:56:34"}
{"message":"\"warning log\"","level":"warn","timestamp":"6/4/2020, 14:56:44"}
{"message":"\"info log\"","level":"info","timestamp":"6/4/2020, 14:56:44"}
{"message":"\"error log\"","level":"error","timestamp":"6/4/2020, 14:56:44"}
{"message":"\"info log\"","level":"info","timestamp":"6/4/2020, 15:04:01"}
{"message":"\"warning log\"","level":"warn","timestamp":"6/4/2020, 15:04:01"}
{"message":"\"error log\"","level":"error","timestamp":"6/4/2020, 15:04:01"}
{"message":"\"warning log\"","level":"warn","timestamp":"6/4/2020, 15:04:02"}
{"message":"\"info log\"","level":"info","timestamp":"6/4/2020, 15:04:02"}
{"message":"\"error log\"","level":"error","timestamp":"6/4/2020, 15:04:02"}
{"message":"\"warning log\"","level":"warn","timestamp":"6/4/2020, 15:04:06"}
{"message":"\"info log\"","level":"info","timestamp":"6/4/2020, 15:04:06"}
{"message":"\"error log\"","level":"error","timestamp":"6/4/2020, 15:04:06"}
{"message":"\"warning log\"","level":"warn","timestamp":"6/4/2020, 15:06:02"}
{"message":"\"info log\"","level":"info","timestamp":"6/4/2020, 15:06:02"}
{"message":"\"error log\"","level":"error","timestamp":"6/4/2020, 15:06:02"}
{"message":"\"warning log\"","level":"warn","timestamp":"6/4/2020, 15:06:06"}
{"message":"\"info log\"","level":"info","timestamp":"6/4/2020, 15:06:06"}
{"message":"\"error log\"","level":"error","timestamp":"6/4/2020, 15:06:06"}
{"message":"\"warning log\"","level":"warn","timestamp":"6/4/2020, 15:08:02"}
{"message":"\"info log\"","level":"info","timestamp":"6/4/2020, 15:08:02"}
{"message":"\"error log\"","level":"error","timestamp":"6/4/2020, 15:08:02"}
{"message":"\"error log from boundary\"","level":"error","timestamp":"6/4/2020, 15:08:06"}
{"message":"\"error log from boundary\"","level":"error","timestamp":"6/4/2020, 15:08:06"}
{"message":"\"warning log\"","level":"warn","timestamp":"6/4/2020, 15:08:06"}
{"message":"\"info log\"","level":"info","timestamp":"6/4/2020, 15:10:02"}
{"message":"\"warning log\"","level":"warn","timestamp":"6/4/2020, 15:10:02"}
